2022-05-21 00:00:39  [ http-nio-80-exec-4:4742231 ] - [ INFO ]  预测数据：[low, low, 2, med, big, high]
2022-05-21 00:00:39  [ http-nio-80-exec-4:4742236 ] - [ INFO ]  预测结果：three
2022-05-21 00:02:12  [ http-nio-80-exec-7:4835900 ] - [ INFO ]  预测数据：[low, low, 2, med, big, high]
2022-05-21 00:02:12  [ http-nio-80-exec-7:4835900 ] - [ INFO ]  预测结果：three
2022-05-21 00:03:55  [ http-nio-80-exec-2:4938658 ] - [ INFO ]  预测数据：[low, vhigh, 2, med, big, high]
2022-05-21 00:03:55  [ http-nio-80-exec-2:4938660 ] - [ INFO ]  预测结果：two
2022-05-21 00:05:04  [ http-nio-80-exec-9:5007653 ] - [ INFO ]  预测数据：[low, , 4, med, big, high]
2022-05-21 00:05:04  [ http-nio-80-exec-9:5007653 ] - [ INFO ]  预测结果：two
2022-05-21 00:06:39  [ http-nio-80-exec-10:5102310 ] - [ INFO ]  预测数据：[low, med, 4, med, big, high]
2022-05-21 00:06:39  [ http-nio-80-exec-10:5102311 ] - [ INFO ]  预测结果：three
2022-05-21 00:06:55  [ http-nio-80-exec-5:5118500 ] - [ INFO ]  预测数据：[low, low, 4, med, big, high]
2022-05-21 00:06:55  [ http-nio-80-exec-5:5118500 ] - [ INFO ]  预测结果：four
2022-05-21 00:07:09  [ http-nio-80-exec-8:5132872 ] - [ INFO ]  预测数据：[low, med, 4, med, big, high]
2022-05-21 00:07:09  [ http-nio-80-exec-8:5132872 ] - [ INFO ]  预测结果：three
2022-05-21 00:07:29  [ http-nio-80-exec-4:5152594 ] - [ INFO ]  预测数据：[low, med, 4, med, big, high]
2022-05-21 00:07:29  [ http-nio-80-exec-4:5152594 ] - [ INFO ]  预测结果：three
2022-05-21 00:08:27  [ http-nio-80-exec-9:5210913 ] - [ INFO ]  预测数据：[low, med, 3, med, big, high]
2022-05-21 00:08:27  [ http-nio-80-exec-9:5210913 ] - [ INFO ]  预测结果：four
2022-05-21 00:08:41  [ http-nio-80-exec-1:5224021 ] - [ INFO ]  预测数据：[low, vhigh, 4, med, big, high]
2022-05-21 00:08:41  [ http-nio-80-exec-1:5224021 ] - [ INFO ]  预测结果：two
2022-05-21 00:10:38  [ http-nio-80-exec-3:5341631 ] - [ INFO ]  预测数据：[low, vhigh, 4, med, big, high]
2022-05-21 00:10:38  [ http-nio-80-exec-3:5341631 ] - [ INFO ]  预测结果：two
2022-05-21 00:10:42  [ http-nio-80-exec-9:5345231 ] - [ INFO ]  预测数据：[low, vhigh, 4, med, big, high]
2022-05-21 00:10:42  [ http-nio-80-exec-9:5345231 ] - [ INFO ]  预测结果：two
2022-05-21 00:11:25  [ http-nio-80-exec-2:5388621 ] - [ INFO ]  预测数据：[low, vhigh, 4, med, big, high]
2022-05-21 00:11:25  [ http-nio-80-exec-2:5388621 ] - [ INFO ]  预测结果：two
2022-05-21 00:11:40  [ http-nio-80-exec-3:5403116 ] - [ INFO ]  预测数据：[low, med, 4, med, big, high]
2022-05-21 00:11:40  [ http-nio-80-exec-3:5403116 ] - [ INFO ]  预测结果：three
2022-05-21 00:12:05  [ http-nio-80-exec-9:5428151 ] - [ INFO ]  预测数据：[low, med, 4, med, big, high]
2022-05-21 00:12:05  [ http-nio-80-exec-9:5428151 ] - [ INFO ]  预测结果：three
2022-05-21 00:12:35  [ http-nio-80-exec-5:5458396 ] - [ INFO ]  预测数据：[low, low, 4, med, big, high]
2022-05-21 00:12:35  [ http-nio-80-exec-5:5458396 ] - [ INFO ]  预测结果：four
2022-05-21 00:12:54  [ http-nio-80-exec-8:5477746 ] - [ INFO ]  预测数据：[low, low, 4, med, big, high]
2022-05-21 00:12:54  [ http-nio-80-exec-8:5477746 ] - [ INFO ]  预测结果：four
2022-05-21 00:13:26  [ http-nio-80-exec-9:5509163 ] - [ INFO ]  预测数据：[low, low, 4, med, big, high]
2022-05-21 00:13:26  [ http-nio-80-exec-9:5509163 ] - [ INFO ]  预测结果：four
2022-05-21 00:14:31  [ http-nio-80-exec-3:5574095 ] - [ INFO ]  预测数据：[low, med, 2, med, big, high]
2022-05-21 00:14:31  [ http-nio-80-exec-3:5574095 ] - [ INFO ]  预测结果：four
2022-05-21 00:14:43  [ http-nio-80-exec-9:5586854 ] - [ INFO ]  预测数据：[low, med, 2, med, big, high]
2022-05-21 00:14:43  [ http-nio-80-exec-9:5586854 ] - [ INFO ]  预测结果：four
2022-05-21 00:15:00  [ http-nio-80-exec-1:5603248 ] - [ INFO ]  预测数据：[low, med, 2, med, big, high]
2022-05-21 00:15:00  [ http-nio-80-exec-1:5603248 ] - [ INFO ]  预测结果：four
2022-05-21 00:15:06  [ http-nio-80-exec-10:5609689 ] - [ INFO ]  预测数据：[low, low, 4, med, big, high]
2022-05-21 00:15:06  [ http-nio-80-exec-10:5609690 ] - [ INFO ]  预测结果：four
2022-05-21 00:20:10  [ http-nio-80-exec-6:5913220 ] - [ INFO ]  预测数据：[low, low, 4, med, big, high]
2022-05-21 00:20:10  [ http-nio-80-exec-6:5913221 ] - [ INFO ]  预测结果：four
2022-05-21 00:20:19  [ http-nio-80-exec-2:5921923 ] - [ INFO ]  预测数据：[low, low, 4, med, big, high]
2022-05-21 00:20:19  [ http-nio-80-exec-2:5921923 ] - [ INFO ]  预测结果：four
2022-05-21 00:21:59  [ http-nio-80-exec-10:6022774 ] - [ INFO ]  预测数据：[low, low, 3, med, big, high]
2022-05-21 00:21:59  [ http-nio-80-exec-10:6022774 ] - [ INFO ]  预测结果：four
2022-05-21 00:22:09  [ http-nio-80-exec-5:6032187 ] - [ INFO ]  预测数据：[low, low, 3, med, big, high]
2022-05-21 00:22:09  [ http-nio-80-exec-5:6032187 ] - [ INFO ]  预测结果：four
2022-05-21 00:24:17  [ http-nio-80-exec-6:6160752 ] - [ INFO ]  预测数据：[low, low, 3, med, big, high]
2022-05-21 00:24:17  [ http-nio-80-exec-6:6160752 ] - [ INFO ]  预测结果：four
2022-05-21 00:24:25  [ http-nio-80-exec-2:6168751 ] - [ INFO ]  预测数据：[low, low, 3, med, big, high]
2022-05-21 00:24:25  [ http-nio-80-exec-2:6168751 ] - [ INFO ]  预测结果：four
2022-05-21 00:31:42  [ http-nio-80-exec-7:6605026 ] - [ INFO ]  预测数据：[low, low, 3, med, big, high]
2022-05-21 00:31:42  [ http-nio-80-exec-7:6605026 ] - [ INFO ]  预测结果：four
2022-05-21 08:03:58  [ main:0 ] - [ INFO ]  决策树结构如下： 
sensitive
1          vhigh--->count
2               vhigh--->[2|1]one
2               high--->[2|2]one
2               med--->days
3                    small--->[3|3]one
3                    med--->[3|4]one
3                    big--->emotion
4                         2--->[4|5]one
4                         3--->papers
5                              low--->[5|6]one
5                              med--->points
6                                   low--->[6|7]one
6                                   med--->[6|8]two
6                                   high--->[6|9]two
5                              high--->[5|10]one
4                         4--->papers
5                              low--->[5|11]one
5                              med--->points
6                                   low--->[6|12]one
6                                   med--->[6|13]one
6                                   high--->[6|14]two
5                              high--->points
6                                   low--->[6|15]one
6                                   med--->[6|16]two
6                                   high--->[6|17]one
4                         5--->[4|18]one
2               low--->points
3                    low--->[3|19]one
3                    med--->[3|20]one
3                    high--->emotion
4                         2--->papers
5                              low--->[5|21]one
5                              med--->days
6                                   small--->[6|22]one
6                                   med--->[6|23]two
6                                   big--->[6|24]two
5                              high--->days
6                                   small--->[6|25]one
6                                   med--->[6|26]two
6                                   big--->[6|27]one
4                         3--->[4|28]one
1          high--->count
2               vhigh--->days
3                    small--->papers
4                         low--->emotion
5                              2--->points
6                                   low--->[6|29]two
6                                   med--->[6|30]two
6                                   high--->[6|31]one
5                              3--->[5|32]two
5                              4--->[5|33]two
5                              5--->[5|34]two
4                         med--->points
5                              low--->emotion
6                                   2--->[6|35]two
6                                   3--->[6|36]one
6                                   4--->[6|37]one
6                                   5--->[6|38]one
5                              med--->emotion
6                                   2--->[6|39]two
6                                   3--->[6|40]two
6                                   4--->[6|41]one
6                                   5--->[6|42]two
5                              high--->emotion
6                                   2--->[6|43]one
6                                   3--->[6|44]two
6                                   4--->[6|45]two
6                                   5--->[6|46]two
4                         high--->emotion
5                              2--->points
6                                   low--->[6|47]one
6                                   med--->[6|48]two
6                                   high--->[6|49]two
5                              3--->[5|50]two
5                              4--->[5|51]two
5                              5--->[5|52]two
3                    med--->papers
4                         low--->emotion
5                              2--->[5|53]two
5                              3--->points
6                                   low--->[6|54]two
6                                   med--->[6|55]two
6                                   high--->[6|56]one
5                              4--->[5|57]two
5                              5--->points
6                                   low--->[6|58]two
6                                   med--->[6|59]one
6                                   high--->[6|60]two
4                         med--->points
5                              low--->emotion
6                                   2--->[6|61]two
6                                   3--->[6|62]one
6                                   4--->[6|63]one
6                                   5--->[6|64]two
5                              med--->emotion
6                                   2--->[6|65]one
6                                   3--->[6|66]one
6                                   4--->[6|67]two
6                                   5--->[6|68]one
5                              high--->emotion
6                                   2--->[6|69]one
6                                   3--->[6|70]two
6                                   4--->[6|71]two
6                                   5--->[6|72]two
4                         high--->emotion
5                              2--->[5|73]two
5                              3--->points
6                                   low--->[6|74]two
6                                   med--->[6|75]one
6                                   high--->[6|76]one
5                              4--->[5|77]one
5                              5--->points
6                                   low--->[6|78]one
6                                   med--->[6|79]two
6                                   high--->[6|80]one
3                    big--->points
4                         low--->emotion
5                              2--->papers
6                                   low--->[6|81]one
6                                   med--->[6|82]two
6                                   high--->[6|83]two
5                              3--->[5|84]two
5                              4--->[5|85]two
5                              5--->papers
6                                   low--->[6|86]two
6                                   med--->[6|87]two
6                                   high--->[6|88]one
4                         med--->emotion
5                              2--->papers
6                                   low--->[6|89]two
6                                   med--->[6|90]one
6                                   high--->[6|91]two
5                              3--->[5|92]one
5                              4--->[5|93]two
5                              5--->papers
6                                   low--->[6|94]one
6                                   med--->[6|95]one
6                                   high--->[6|96]two
4                         high--->emotion
5                              2--->papers
6                                   low--->[6|97]one
6                                   med--->[6|98]two
6                                   high--->[6|99]two
5                              3--->papers
6                                   low--->[6|100]one
6                                   med--->[6|101]two
6                                   high--->[6|102]one
5                              4--->papers
6                                   low--->[6|103]two
6                                   med--->[6|104]one
6                                   high--->[6|105]one
5                              5--->papers
6                                   low--->[6|106]two
6                                   med--->[6|107]one
6                                   high--->[6|108]two
2               high--->papers
3                    low--->emotion
4                         2--->days
5                              small--->[5|109]two
5                              med--->points
6                                   low--->[6|110]two
6                                   med--->[6|111]one
6                                   high--->[6|112]two
5                              big--->[5|113]two
4                         3--->days
5                              small--->points
6                                   low--->[6|114]two
6                                   med--->[6|115]one
6                                   high--->[6|116]two
5                              med--->[5|117]two
5                              big--->points
6                                   low--->[6|118]one
6                                   med--->[6|119]one
6                                   high--->[6|120]two
4                         4--->days
5                              small--->points
6                                   low--->[6|121]one
6                                   med--->[6|122]two
6                                   high--->[6|123]one
5                              med--->[5|124]two
5                              big--->points
6                                   low--->[6|125]two
6                                   med--->[6|126]one
6                                   high--->[6|127]one
4                         5--->days
5                              small--->points
6                                   low--->[6|128]one
6                                   med--->[6|129]two
6                                   high--->[6|130]one
5                              med--->points
6                                   low--->[6|131]two
6                                   med--->[6|132]two
6                                   high--->[6|133]one
5                              big--->[5|134]two
3                    med--->points
4                         low--->emotion
5                              2--->[5|135]two
5                              3--->days
6                                   small--->[6|136]two
6                                   med--->[6|137]one
6                                   big--->[6|138]one
5                              4--->[5|139]two
5                              5--->days
6                                   small--->[6|140]two
6                                   med--->[6|141]one
6                                   big--->[6|142]two
4                         med--->days
5                              small--->emotion
6                                   2--->[6|143]one
6                                   3--->[6|144]two
6                                   4--->[6|145]two
6                                   5--->[6|146]one
5                              med--->emotion
6                                   2--->[6|147]two
6                                   3--->[6|148]one
6                                   4--->[6|149]two
6                                   5--->[6|150]two
5                              big--->[5|151]two
4                         high--->[4|152]two
3                    high--->points
4                         low--->emotion
5                              2--->days
6                                   small--->[6|153]one
6                                   med--->[6|154]two
6                                   big--->[6|155]two
5                              3--->days
6                                   small--->[6|156]one
6                                   med--->[6|157]two
6                                   big--->[6|158]two
5                              4--->days
6                                   small--->[6|159]two
6                                   med--->[6|160]one
6                                   big--->[6|161]one
5                              5--->[5|162]two
4                         med--->emotion
5                              2--->days
6                                   small--->[6|163]one
6                                   med--->[6|164]two
6                                   big--->[6|165]two
5                              3--->[5|166]two
5                              4--->[5|167]two
5                              5--->[5|168]two
4                         high--->[4|169]two
2               med--->papers
3                    low--->days
4                         small--->emotion
5                              2--->points
6                                   low--->[6|170]two
6                                   med--->[6|171]one
6                                   high--->[6|172]one
5                              3--->[5|173]two
5                              4--->points
6                                   low--->[6|174]one
6                                   med--->[6|175]two
6                                   high--->[6|176]one
5                              5--->points
6                                   low--->[6|177]one
6                                   med--->[6|178]two
6                                   high--->[6|179]two
4                         med--->points
5                              low--->emotion
6                                   2--->[6|180]two
6                                   3--->[6|181]one
6                                   4--->[6|182]two
6                                   5--->[6|183]one
5                              med--->emotion
6                                   2--->[6|184]one
6                                   3--->[6|185]one
6                                   4--->[6|186]two
6                                   5--->[6|187]one
5                              high--->[5|188]two
4                         big--->points
5                              low--->[5|189]two
5                              med--->emotion
6                                   2--->[6|190]two
6                                   3--->[6|191]one
6                                   4--->[6|192]two
6                                   5--->[6|193]two
5                              high--->emotion
6                                   2--->[6|194]two
6                                   3--->[6|195]two
6                                   4--->[6|196]one
6                                   5--->[6|197]one
3                    med--->points
4                         low--->days
5                              small--->[5|198]two
5                              med--->emotion
6                                   2--->[6|199]two
6                                   3--->[6|200]one
6                                   4--->[6|201]one
6                                   5--->[6|202]one
5                              big--->emotion
6                                   2--->[6|203]one
6                                   3--->[6|204]two
6                                   4--->[6|205]one
6                                   5--->[6|206]two
4                         med--->emotion
5                              2--->[5|207]two
5                              3--->days
6                                   small--->[6|208]two
6                                   med--->[6|209]one
6                                   big--->[6|210]two
5                              4--->[5|211]two
5                              5--->[5|212]two
4                         high--->[4|213]two
3                    high--->emotion
4                         2--->days
5                              small--->[5|214]two
5                              med--->points
6                                   low--->[6|215]two
6                                   med--->[6|216]one
6                                   high--->[6|217]two
5                              big--->[5|218]two
4                         3--->[4|219]two
4                         4--->days
5                              small--->points
6                                   low--->[6|220]one
6                                   med--->[6|221]one
6                                   high--->[6|222]two
5                              med--->points
6                                   low--->[6|223]one
6                                   med--->[6|224]two
6                                   high--->[6|225]two
5                              big--->[5|226]two
4                         5--->days
5                              small--->[5|227]two
5                              med--->points
6                                   low--->[6|228]one
6                                   med--->[6|229]two
6                                   high--->[6|230]two
5                              big--->[5|231]two
2               low--->papers
3                    low--->days
4                         small--->points
5                              low--->[5|232]two
5                              med--->emotion
6                                   2--->[6|233]one
6                                   4--->[6|234]one
6                                   5--->[6|235]two
5                              high--->emotion
6                                   2--->[6|236]two
6                                   4--->[6|237]two
6                                   5--->[6|238]one
4                         med--->emotion
5                              2--->[5|239]two
5                              3--->points
6                                   low--->[6|240]two
6                                   med--->[6|241]one
6                                   high--->[6|242]one
5                              4--->points
6                                   low--->[6|243]two
6                                   med--->[6|244]one
6                                   high--->[6|245]one
5                              5--->points
6                                   low--->[6|246]one
6                                   med--->[6|247]two
6                                   high--->[6|248]one
4                         big--->emotion
5                              2--->points
6                                   low--->[6|249]two
6                                   med--->[6|250]one
6                                   high--->[6|251]two
5                              3--->[5|252]two
5                              4--->[5|253]two
5                              5--->[5|254]two
3                    med--->emotion
4                         2--->[4|255]two
4                         3--->days
5                              small--->[5|256]two
5                              med--->[5|257]two
5                              big--->points
6                                   low--->[6|258]one
6                                   med--->[6|259]two
6                                   high--->[6|260]four
4                         4--->[4|261]two
4                         5--->[4|262]two
3                    high--->emotion
4                         2--->days
5                              small--->points
6                                   low--->[6|263]three
6                                   med--->[6|264]three
6                                   high--->[6|265]one
5                              med--->points
6                                   low--->[6|266]two
6                                   med--->[6|267]three
6                                   high--->[6|268]three
5                              big--->points
6                                   low--->[6|269]one
6                                   med--->[6|270]two
6                                   high--->[6|271]three
4                         3--->points
5                              low--->[5|272]three
5                              med--->[5|273]three
5                              high--->days
6                                   small--->[6|274]two
6                                   med--->[6|275]two
6                                   big--->[6|276]three
4                         4--->days
5                              small--->[5|277]three
5                              med--->points
6                                   low--->[6|278]two
6                                   med--->[6|279]three
6                                   high--->[6|280]two
5                              big--->points
6                                   low--->[6|281]three
6                                   med--->[6|282]three
6                                   high--->[6|283]four
4                         5--->days
5                              small--->[5|284]two
5                              med--->[5|285]three
5                              big--->[5|286]three
1          med--->count
2               vhigh--->points
3                    low--->[3|287]one
3                    med--->days
4                         small--->[4|288]one
4                         med--->papers
5                              low--->[5|289]one
5                              med--->emotion
6                                   2--->[6|290]one
6                                   3--->[6|291]one
6                                   4--->[6|292]two
6                                   5--->[6|293]two
5                              high--->emotion
6                                   2--->[6|294]one
6                                   3--->[6|295]two
6                                   4--->[6|296]two
6                                   5--->[6|297]two
4                         big--->papers
5                              low--->[5|298]one
5                              med--->[5|299]two
5                              high--->[5|300]two
3                    high--->papers
4                         low--->[4|301]one
4                         med--->[4|302]two
4                         high--->emotion
5                              2--->days
6                                   small--->[6|303]one
6                                   med--->[6|304]two
6                                   big--->[6|305]two
5                              3--->[5|306]two
5                              4--->[5|307]two
5                              5--->[5|308]two
2               high--->points
3                    low--->[3|309]one
3                    med--->days
4                         small--->[4|310]one
4                         med--->papers
5                              low--->[5|311]one
5                              med--->emotion
6                                   2--->[6|312]one
6                                   3--->[6|313]one
6                                   4--->[6|314]two
6                                   5--->[6|315]two
5                              high--->emotion
6                                   2--->[6|316]one
6                                   3--->[6|317]two
6                                   4--->[6|318]two
6                                   5--->[6|319]two
4                         big--->papers
5                              low--->[5|320]one
5                              med--->[5|321]two
5                              high--->[5|322]two
3                    high--->papers
4                         low--->[4|323]one
4                         med--->[4|324]two
4                         high--->emotion
5                              2--->days
6                                   small--->[6|325]one
6                                   med--->[6|326]two
6                                   big--->[6|327]two
5                              3--->[5|328]two
5                              4--->[5|329]two
5                              5--->[5|330]two
2               med--->points
3                    low--->[3|331]one
3                    med--->papers
4                         low--->[4|332]one
4                         med--->[4|333]two
4                         high--->emotion
5                              2--->days
6                                   small--->[6|334]one
6                                   med--->[6|335]two
6                                   big--->[6|336]two
5                              3--->[5|337]two
5                              4--->[5|338]two
5                              5--->[5|339]two
3                    high--->papers
4                         low--->[4|340]one
4                         med--->days
5                              small--->[5|341]two
5                              med--->emotion
6                                   2--->[6|342]two
6                                   3--->[6|343]two
6                                   4--->[6|344]four
6                                   5--->[6|345]four
5                              big--->[5|346]four
4                         high--->days
5                              small--->emotion
6                                   2--->[6|347]one
6                                   3--->[6|348]two
6                                   4--->[6|349]two
6                                   5--->[6|350]two
5                              med--->emotion
6                                   2--->[6|351]two
6                                   3--->[6|352]four
6                                   4--->[6|353]four
6                                   5--->[6|354]four
5                              big--->[5|355]four
2               low--->papers
3                    low--->emotion
4                         2--->points
5                              low--->[5|356]two
5                              med--->[5|357]one
5                              high--->[5|358]one
4                         4--->[4|359]three
3                    med--->points
4                         low--->emotion
5                              2--->days
6                                   small--->[6|360]two
6                                   med--->[6|361]one
6                                   big--->[6|362]two
5                              3--->[5|363]two
5                              4--->days
6                                   small--->[6|364]three
6                                   med--->[6|365]three
6                                   big--->[6|366]one
5                              5--->days
6                                   med--->[6|367]one
6                                   big--->[6|368]three
4                         med--->emotion
5                              2--->days
6                                   small--->[6|369]two
6                                   med--->[6|370]two
6                                   big--->[6|371]three
5                              3--->days
6                                   small--->[6|372]two
6                                   med--->[6|373]two
6                                   big--->[6|374]three
5                              4--->[5|375]three
5                              5--->[5|376]three
4                         high--->days
5                              small--->[5|377]three
5                              med--->[5|378]three
5                              big--->emotion
6                                   2--->[6|379]four
6                                   3--->[6|380]four
6                                   4--->[6|381]three
6                                   5--->[6|382]four
3                    high--->emotion
4                         2--->[4|383]three
4                         3--->[4|384]three
4                         4--->points
5                              low--->[5|385]three
5                              med--->days
6                                   small--->[6|386]two
6                                   med--->[6|387]three
5                              high--->[5|388]three
4                         5--->[4|389]three
1          low--->emotion
2               2--->count
3                    vhigh--->papers
4                         low--->[4|390]three
4                         med--->[4|391]three
4                         high--->days
5                              small--->[5|392]three
5                              med--->points
6                                   low--->[6|393]three
6                                   med--->[6|394]one
6                                   high--->[6|395]three
5                              big--->[5|396]three
3                    high--->days
4                         small--->[4|397]three
4                         med--->papers
5                              low--->points
6                                   low--->[6|398]one
6                                   med--->[6|399]one
6                                   high--->[6|400]three
5                              med--->[5|401]three
5                              high--->points
6                                   low--->[6|402]three
6                                   med--->[6|403]three
6                                   high--->[6|404]two
4                         big--->papers
5                              low--->[5|405]three
5                              med--->points
6                                   low--->[6|406]three
6                                   med--->[6|407]two
6                                   high--->[6|408]three
5                              high--->points
6                                   low--->[6|409]one
6                                   med--->[6|410]three
6                                   high--->[6|411]two
3                    med--->papers
4                         low--->[4|412]three
4                         med--->days
5                              small--->points
6                                   low--->[6|413]three
6                                   med--->[6|414]two
6                                   high--->[6|415]three
5                              med--->[5|416]three
5                              big--->[5|417]three
4                         high--->[4|418]three
3                    low--->days
4                         small--->[4|419]three
4                         med--->points
5                              low--->[5|420]three
5                              med--->papers
6                                   low--->[6|421]three
6                                   med--->[6|422]two
5                              high--->[5|423]three
4                         big--->[4|424]three
2               3--->count
3                    vhigh--->points
4                         low--->[4|425]one
4                         med--->papers
5                              low--->[5|426]one
5                              med--->days
6                                   small--->[6|427]one
6                                   med--->[6|428]one
6                                   big--->[6|429]two
5                              high--->days
6                                   small--->[6|430]one
6                                   med--->[6|431]two
6                                   big--->[6|432]two
4                         high--->papers
5                              low--->[5|433]one
5                              med--->[5|434]two
5                              high--->[5|435]two
3                    high--->points
4                         low--->[4|436]one
4                         med--->papers
5                              low--->[5|437]one
5                              med--->days
6                                   small--->[6|438]one
6                                   med--->[6|439]one
6                                   big--->[6|440]two
5                              high--->days
6                                   small--->[6|441]one
6                                   med--->[6|442]two
6                                   big--->[6|443]two
4                         high--->papers
5                              low--->[5|444]one
5                              med--->[5|445]two
5                              high--->[5|446]two
3                    med--->points
4                         low--->[4|447]one
4                         med--->papers
5                              low--->[5|448]one
5                              med--->days
6                                   small--->[6|449]two
6                                   med--->[6|450]two
6                                   big--->[6|451]three
5                              high--->days
6                                   small--->[6|452]two
6                                   med--->[6|453]three
6                                   big--->[6|454]three
4                         high--->papers
5                              low--->[5|455]one
5                              med--->days
6                                   small--->[6|456]three
6                                   med--->[6|457]three
6                                   big--->[6|458]four
5                              high--->days
6                                   small--->[6|459]three
6                                   med--->[6|460]four
6                                   big--->[6|461]four
3                    low--->papers
4                         low--->[4|462]one
4                         med--->points
5                              low--->[5|463]two
5                              med--->days
6                                   small--->[6|464]two
6                                   med--->[6|465]two
6                                   big--->[6|466]three
5                              high--->days
6                                   small--->[6|467]three
6                                   med--->[6|468]three
6                                   big--->[6|469]four
4                         high--->[4|470]three
2               4--->count
3                    vhigh--->papers
4                         low--->days
5                              small--->[5|471]four
5                              med--->points
6                                   low--->[6|472]four
6                                   med--->[6|473]four
6                                   high--->[6|474]one
5                              big--->[5|475]four
4                         med--->[4|476]four
4                         high--->[4|477]four
3                    high--->points
4                         low--->papers
5                              low--->days
6                                   small--->[6|478]four
6                                   med--->[6|479]one
6                                   big--->[6|480]four
5                              med--->[5|481]four
5                              high--->days
6                                   small--->[6|482]four
6                                   med--->[6|483]four
6                                   big--->[6|484]one
4                         med--->papers
5                              low--->[5|485]four
5                              med--->days
6                                   small--->[6|486]four
6                                   med--->[6|487]two
6                                   big--->[6|488]four
5                              high--->[5|489]four
4                         high--->[4|490]four
3                    med--->papers
4                         low--->days
5                              small--->[5|491]four
5                              med--->[5|492]four
5                              big--->points
6                                   low--->[6|493]four
6                                   med--->[6|494]one
6                                   high--->[6|495]four
4                         med--->points
5                              low--->days
6                                   small--->[6|496]one
6                                   med--->[6|497]four
6                                   big--->[6|498]one
5                              med--->[5|499]four
5                              high--->[5|500]four
4                         high--->[4|501]four
3                    low--->[3|502]four
2               5--->count
3                    vhigh--->papers
4                         low--->[4|503]four
4                         med--->[4|504]four
4                         high--->days
5                              small--->points
6                                   low--->[6|505]one
6                                   med--->[6|506]four
6                                   high--->[6|507]four
5                              med--->[5|508]four
5                              big--->[5|509]four
3                    high--->[3|510]four
3                    med--->papers
4                         low--->days
5                              small--->points
6                                   low--->[6|511]four
6                                   med--->[6|512]four
6                                   high--->[6|513]one
5                              med--->[5|514]four
5                              big--->points
6                                   low--->[6|515]one
6                                   med--->[6|516]four
6                                   high--->[6|517]four
4                         med--->days
5                              small--->points
6                                   low--->[6|518]four
6                                   med--->[6|519]two
6                                   high--->[6|520]four
5                              med--->[5|521]four
5                              big--->[5|522]four
4                         high--->days
5                              small--->points
6                                   low--->[6|523]four
6                                   med--->[6|524]four
6                                   high--->[6|525]three
5                              med--->[5|526]four
5                              big--->[5|527]four
3                    low--->[3|528]four

2022-05-21 08:03:58  [ main:3 ] - [ INFO ]  决策树的成功率为： 
82.78689%
